# JRE version: OpenJDK Runtime Environment (20.0.1+9) (build 20.0.1+9-29)
# Java VM: OpenJDK 64-Bit Server VM (20.0.1+9-29, mixed mode, sharing, tiered, compressed oops, compressed class ptrs, g1 gc, windows-amd64)
GC Precious Log:
 CardTable entry size: 512
 Card Set container configuration: InlinePtr #cards 5 size 8 Array Of Cards #cards 12 size 40 Howl #buckets 4 coarsen threshold 1843 Howl Bitmap #cards 512 size 80 coarsen threshold 460 Card regions per heap region 1 cards per card region 2048
 CPUs: 4 total, 4 available
 Memory: 3993M
 Large Page Support: Disabled
 NUMA Support: Disabled
 Compressed Oops: Enabled (32-bit)
 Heap Region Size: 1M
 Heap Min Capacity: 8M
 Heap Initial Capacity: 64M
 Heap Max Capacity: 1000M
 Pre-touch: Disabled
 Parallel Workers: 4
 Concurrent Workers: 1
 Concurrent Refinement Workers: 4
 Periodic GC: Disabled
Heap:
 garbage-first heap   total 55296K, used 22702K [0x00000000c1800000, 0x0000000100000000)
  region size 1024K, 11 young (11264K), 2 survivors (2048K)
 Metaspace       used 21522K, committed 21952K, reserved 1114112K
  class space    used 2989K, committed 3200K, reserved 1048576K
GC Heap History (8 events):
Event: 1.388 GC heap before
{Heap before GC invocations=0 (full 0):
 garbage-first heap   total 65536K, used 12288K [0x00000000c1800000, 0x0000000100000000)
  region size 1024K, 13 young (13312K), 0 survivors (0K)
 Metaspace       used 2659K, committed 2880K, reserved 1114112K
  class space    used 280K, committed 384K, reserved 1048576K
}
Event: 1.402 GC heap after
{Heap after GC invocations=1 (full 0):
 garbage-first heap   total 65536K, used 1968K [0x00000000c1800000, 0x0000000100000000)
  region size 1024K, 2 young (2048K), 2 survivors (2048K)
 Metaspace       used 2659K, committed 2880K, reserved 1114112K
  class space    used 280K, committed 384K, reserved 1048576K
}
Event: 3.158 GC heap before
{Heap before GC invocations=1 (full 0):
 garbage-first heap   total 65536K, used 18352K [0x00000000c1800000, 0x0000000100000000)
  region size 1024K, 19 young (19456K), 2 survivors (2048K)
 Metaspace       used 9756K, committed 9984K, reserved 1114112K
  class space    used 1087K, committed 1152K, reserved 1048576K
}
Event: 3.167 GC heap after
{Heap after GC invocations=2 (full 0):
 garbage-first heap   total 65536K, used 4840K [0x00000000c1800000, 0x0000000100000000)
  region size 1024K, 3 young (3072K), 3 survivors (3072K)
 Metaspace       used 9756K, committed 9984K, reserved 1114112K
  class space    used 1087K, committed 1152K, reserved 1048576K
}
Event: 10.802 GC heap before
{Heap before GC invocations=2 (full 0):
 garbage-first heap   total 65536K, used 41704K [0x00000000c1800000, 0x0000000100000000)
  region size 1024K, 38 young (38912K), 3 survivors (3072K)
 Metaspace       used 18603K, committed 18880K, reserved 1114112K
  class space    used 2513K, committed 2624K, reserved 1048576K
}
Event: 10.814 GC heap after
{Heap after GC invocations=3 (full 0):
 garbage-first heap   total 65536K, used 12132K [0x00000000c1800000, 0x0000000100000000)
  region size 1024K, 5 young (5120K), 5 survivors (5120K)
 Metaspace       used 18603K, committed 18880K, reserved 1114112K
  class space    used 2513K, committed 2624K, reserved 1048576K
}
Event: 11.289 GC heap before
{Heap before GC invocations=3 (full 0):
 garbage-first heap   total 65536K, used 24420K [0x00000000c1800000, 0x0000000100000000)
  region size 1024K, 18 young (18432K), 5 survivors (5120K)
 Metaspace       used 21133K, committed 21504K, reserved 1114112K
  class space    used 2952K, committed 3136K, reserved 1048576K
}
Event: 11.304 GC heap after
{Heap after GC invocations=4 (full 0):
 garbage-first heap   total 65536K, used 14510K [0x00000000c1800000, 0x0000000100000000)
  region size 1024K, 2 young (2048K), 2 survivors (2048K)
 Metaspace       used 21133K, committed 21504K, reserved 1114112K
  class space    used 2952K, committed 3136K, reserved 1048576K
}

